2024-12-05 14:34:09 INFO  c.A.A.ApiNoticiasBackendApplication - Starting ApiNoticiasBackendApplication using Java 21.0.5 with PID 31231 (/home/alfredo/Documentos/proyectos/bakend/APINoticias-Backend/build/classes/java/main started by alfredo in /home/alfredo/Documentos/proyectos/bakend/APINoticias-Backend)
2024-12-05 14:34:09 DEBUG c.A.A.ApiNoticiasBackendApplication - Running with Spring Boot v3.3.4, Spring v6.1.13
2024-12-05 14:34:09 INFO  c.A.A.ApiNoticiasBackendApplication - No active profile set, falling back to 1 default profile: "default"
2024-12-05 14:34:14 INFO  o.s.d.r.c.RepositoryConfigurationDelegate - Bootstrapping Spring Data JPA repositories in DEFAULT mode.
2024-12-05 14:34:14 INFO  o.s.d.r.c.RepositoryConfigurationDelegate - Finished Spring Data repository scanning in 88 ms. Found 0 JPA repository interfaces.
2024-12-05 14:34:16 INFO  o.s.b.w.e.tomcat.TomcatWebServer - Tomcat initialized with port 8080 (http)
2024-12-05 14:34:16 INFO  o.a.coyote.http11.Http11NioProtocol - Initializing ProtocolHandler ["http-nio-8080"]
2024-12-05 14:34:16 INFO  o.a.catalina.core.StandardService - Starting service [Tomcat]
2024-12-05 14:34:16 INFO  o.a.catalina.core.StandardEngine - Starting Servlet engine: [Apache Tomcat/10.1.30]
2024-12-05 14:34:17 INFO  o.a.c.c.C.[Tomcat].[localhost].[/] - Initializing Spring embedded WebApplicationContext
2024-12-05 14:34:17 INFO  o.s.b.w.s.c.ServletWebServerApplicationContext - Root WebApplicationContext: initialization completed in 6816 ms
2024-12-05 14:34:17 INFO  com.zaxxer.hikari.HikariDataSource - crud-api - Starting...
2024-12-05 14:34:21 INFO  com.zaxxer.hikari.pool.HikariPool - crud-api - Added connection com.mysql.cj.jdbc.ConnectionImpl@4b3a01d8
2024-12-05 14:34:21 INFO  com.zaxxer.hikari.HikariDataSource - crud-api - Start completed.
2024-12-05 14:34:21 INFO  o.h.jpa.internal.util.LogHelper - HHH000204: Processing PersistenceUnitInfo [name: default]
2024-12-05 14:34:22 INFO  org.hibernate.Version - HHH000412: Hibernate ORM core version 6.5.3.Final
2024-12-05 14:34:22 INFO  o.h.c.i.RegionFactoryInitiator - HHH000026: Second-level cache disabled
2024-12-05 14:34:23 INFO  o.s.o.j.p.SpringPersistenceUnitInfo - No LoadTimeWeaver setup: ignoring JPA class transformer
2024-12-05 14:34:25 INFO  o.h.e.t.j.p.i.JtaPlatformInitiator - HHH000489: No JTA platform available (set 'hibernate.transaction.jta.platform' to enable JTA platform integration)
2024-12-05 14:34:25 INFO  o.s.o.j.LocalContainerEntityManagerFactoryBean - Initialized JPA EntityManagerFactory for persistence unit 'default'
2024-12-05 14:34:26 INFO  c.A.A.R.LineaTiempoRepositorio - Repositorio LineaTiempo inicializado.
2024-12-05 14:34:26 INFO  c.A.A.R.LineaTiempoNoticiaRepositorio - Repositorio LineaTiempoNoticia inicializado.
2024-12-05 14:34:26 INFO  c.A.A.Repositorio.NoticiaRepositorio - Repositorio Noticia inicializado.
2024-12-05 14:34:26 INFO  c.A.A.Repositorio.UsuarioRepositorio - Repositorio Usuario inicializado.
2024-12-05 14:34:26 WARN  o.s.b.a.o.j.JpaBaseConfiguration$JpaWebConfiguration - spring.jpa.open-in-view is enabled by default. Therefore, database queries may be performed during view rendering. Explicitly configure spring.jpa.open-in-view to disable this warning
2024-12-05 14:34:27 WARN  o.s.b.a.s.s.UserDetailsServiceAutoConfiguration - 

Using generated security password: 520dba0f-5a26-4631-b781-beaab837e976

This generated password is for development use only. Your security configuration must be updated before running your application in production.

2024-12-05 14:34:27 INFO  o.s.s.c.a.a.c.InitializeUserDetailsBeanManagerConfigurer$InitializeUserDetailsManagerConfigurer - Global AuthenticationManager configured with UserDetailsService bean with name inMemoryUserDetailsManager
2024-12-05 14:34:28 WARN  o.s.b.a.t.ThymeleafAutoConfiguration$DefaultTemplateResolverConfiguration - Cannot find template location: classpath:/templates/ (please add some templates, check your Thymeleaf configuration, or set spring.thymeleaf.check-template-location=false)
2024-12-05 14:34:28 INFO  o.a.coyote.http11.Http11NioProtocol - Starting ProtocolHandler ["http-nio-8080"]
2024-12-05 14:34:28 INFO  o.s.b.w.e.tomcat.TomcatWebServer - Tomcat started on port 8080 (http) with context path '/'
2024-12-05 14:34:29 INFO  c.A.A.ApiNoticiasBackendApplication - Started ApiNoticiasBackendApplication in 21.312 seconds (process running for 22.999)
2024-12-05 14:34:29 DEBUG c.A.A.ApiNoticiasBackendApplication - error prueba
2024-12-05 14:34:54 INFO  o.s.o.j.LocalContainerEntityManagerFactoryBean - Closing JPA EntityManagerFactory for persistence unit 'default'
2024-12-05 14:34:55 INFO  com.zaxxer.hikari.HikariDataSource - crud-api - Shutdown initiated...
2024-12-05 14:34:57 INFO  com.zaxxer.hikari.HikariDataSource - crud-api - Shutdown completed.
